Event         			   Event Time                 Train_id           Trains Waiting Passage 
Tunnel Passing                      15:08:35                     2               1
Tunnel Passing                      15:08:38                     3               5, 8, 6, 4, 1, 7
System Overload                      15:08:41                     100000               5, 8, 14, 6, 9, 12, 4, 10, 11, 1, 7, 13
Tunnel Passing                      15:08:41                     5               8, 14, 6, 9, 12, 4, 10, 11, 1, 7, 13
Tunnel Passing                      15:08:44                     6               8, 14, 15, 9, 12, 16, 4, 10, 11, 1, 7, 13
Tunnel Passing                      15:08:47                     8               14, 15, 9, 12, 16, 4, 10, 11, 1, 7, 13
Tunnel Passing                      15:08:50                     9               14, 15, 12, 16, 4, 10, 11, 1, 7, 13
Tunnel Passing                      15:08:53                     4               14, 15, 12, 16, 10, 11, 1, 7, 13
Tunnel Passing                      15:08:56                     1               14, 15, 12, 16, 10, 11, 7, 13
Tunnel Passing                      15:08:59                     14               15, 12, 16, 10, 11, 7, 13
Tunnel Passing                      15:09:02                     12               15, 16, 10, 11, 7, 13
Tunnel Passing                      15:09:05                     10               15, 16, 11, 7, 13
Tunnel Passing                      15:09:08                     7               15, 16, 11, 13
Tunnel Passing                      15:09:11                     15               16, 11, 13
Breakdown                           15:09:11                     15               16, 11, 13
Tunnel Passing                      15:09:17                     16               11, 13
Tunnel Passing                      15:09:20                     11               13
Tunnel Passing                      15:09:24                     13               
Breakdown                           15:09:24                     13               
Tunnel Cleared                      15:09:31                     100000               Time taken to clear the tunnel50
Tunnel Passing                      15:09:33                     17               
Breakdown                           15:09:34                     17               
